For a=211.000, b=616.000, c=286.000: Two solutions for x:  -0.579 and  -2.340
For a=414.304, b=846.680, c=517.515: Can not solve, b^2 - 4ac negative.
For a=355.331, b=921.889, c=547.977: Two solutions for x:  -0.922 and  -1.672
For a=992.265, b=605.939, c= -2.936: Two solutions for x:   0.005 and  -0.615
For a=158.969, b=814.059, c=233.985: Two solutions for x:  -0.306 and  -4.815
For a=184.615, b=603.413, c=-79.709: Two solutions for x:   0.127 and  -3.396
For a=236.277, b=453.222, c=391.722: Can not solve, b^2 - 4ac negative.
For a=187.183, b=579.097, c=457.735: Can not solve, b^2 - 4ac negative.
For a=130.268, b= 17.370, c=-33.680: Two solutions for x:   0.446 and  -0.579
For a=833.059, b=853.299, c=323.100: Can not solve, b^2 - 4ac negative.
For a=418.000, b=596.000, c=569.000: Can not solve, b^2 - 4ac negative.
For a=-54.928, b=179.475, c=452.816: Two solutions for x:  -1.670 and   4.937
For a=  5.159, b=255.889, c=220.878: Two solutions for x:  -0.879 and -48.722
For a=-71.834, b=-27.022, c=310.145: Two solutions for x:  -2.274 and   1.898
For a=166.224, b=400.325, c=256.492: Can not solve, b^2 - 4ac negative.
For a= 72.127, b=123.914, c=856.794: Can not solve, b^2 - 4ac negative.
For a= -1.880, b=781.147, c=734.744: Two solutions for x:  -0.938 and 416.442
For a=654.627, b=697.843, c=224.505: Can not solve, b^2 - 4ac negative.
For a=337.392, b=491.699, c=837.504: Can not solve, b^2 - 4ac negative.
For a=503.065, b=229.535, c=499.603: Can not solve, b^2 - 4ac negative.
For a=802.000, b=845.000, c=461.000: Can not solve, b^2 - 4ac negative.
For a=942.167, b=526.499, c=701.944: Can not solve, b^2 - 4ac negative.
For a=432.043, b= 30.599, c=840.287: Can not solve, b^2 - 4ac negative.
For a=-33.190, b=993.514, c=941.258: Two solutions for x:  -0.919 and  30.853
For a=845.894, b=706.510, c=383.289: Can not solve, b^2 - 4ac negative.
For a=567.046, b= 89.859, c=513.344: Can not solve, b^2 - 4ac negative.
For a=447.603, b=654.430, c= 49.514: Two solutions for x:  -0.080 and  -1.382
For a=552.795, b= 95.489, c=674.087: Can not solve, b^2 - 4ac negative.
For a=548.657, b=836.487, c=157.274: Two solutions for x:  -0.220 and  -1.305
For a=992.171, b=963.854, c=305.765: Can not solve, b^2 - 4ac negative.
For a=955.000, b=963.000, c=756.000: Can not solve, b^2 - 4ac negative.
For a=615.904, b=297.586, c=725.615: Can not solve, b^2 - 4ac negative.
For a=412.699, b=459.941, c=655.355: Can not solve, b^2 - 4ac negative.
For a=114.850, b=595.777, c=171.129: Two solutions for x:  -0.305 and  -4.882
For a=294.858, b=192.174, c=616.748: Can not solve, b^2 - 4ac negative.
For a=164.025, b=183.066, c=780.050: Can not solve, b^2 - 4ac negative.
For a=607.407, b=875.190, c=334.295: Can not solve, b^2 - 4ac negative.
For a=614.160, b=815.244, c=923.526: Can not solve, b^2 - 4ac negative.
For a=948.070, b=105.053, c=207.127: Can not solve, b^2 - 4ac negative.
For a= 76.233, b=678.610, c=111.410: Two solutions for x:  -0.167 and  -8.734
For a=977.000, b=424.000, c=795.000: Can not solve, b^2 - 4ac negative.
For a= 33.942, b=291.787, c=292.150: Two solutions for x:  -1.157 and  -7.440
For a=979.653, b=707.910, c= 12.997: Two solutions for x:  -0.019 and  -0.704
For a=629.603, b=-86.782, c= 27.266: Can not solve, b^2 - 4ac negative.
For a=359.842, b=840.202, c=687.030: Can not solve, b^2 - 4ac negative.
For a=-46.575, b=578.068, c=507.856: Two solutions for x:  -0.824 and  13.235
For a=137.986, b=768.659, c= 15.973: Two solutions for x:  -0.021 and  -5.550
For a=442.642, b=563.735, c=124.117: Two solutions for x:  -0.283 and  -0.990
For a=705.461, b=835.131, c=984.542: Can not solve, b^2 - 4ac negative.
For a=190.469, b=485.715, c=933.345: Can not solve, b^2 - 4ac negative.
For a=896.000, b=945.000, c=799.000: Can not solve, b^2 - 4ac negative.
For a=215.345, b= 48.005, c=463.381: Can not solve, b^2 - 4ac negative.
For a=634.084, b=-15.571, c=814.777: Can not solve, b^2 - 4ac negative.
For a=  4.438, b=756.795, c=979.973: Two solutions for x:  -1.305 and -169.221
For a= 12.939, b=733.045, c=669.195: Two solutions for x:  -0.928 and -55.726
For a=299.880, b=890.648, c=849.020: Can not solve, b^2 - 4ac negative.
For a=377.877, b=818.670, c=271.980: Two solutions for x:  -0.410 and  -1.757
For a=816.696, b=361.896, c=149.180: Can not solve, b^2 - 4ac negative.
For a=267.168, b=220.937, c=875.815: Can not solve, b^2 - 4ac negative.
For a=878.900, b=638.463, c=522.784: Can not solve, b^2 - 4ac negative.
For a=550.000, b=360.000, c=354.000: Can not solve, b^2 - 4ac negative.
For a=547.727, b=898.845, c=678.556: Can not solve, b^2 - 4ac negative.
For a=658.043, b= 61.596, c=261.843: Can not solve, b^2 - 4ac negative.
For a=349.470, b=855.453, c=473.083: Two solutions for x:  -0.844 and  -1.604
For a=230.993, b=725.589, c= 17.324: Two solutions for x:  -0.024 and  -3.117
For a=454.883, b=417.049, c=718.519: Can not solve, b^2 - 4ac negative.
For a=174.833, b=756.469, c=208.703: Two solutions for x:  -0.296 and  -4.031
For a=725.632, b= 58.482, c=653.482: Can not solve, b^2 - 4ac negative.
For a=950.014, b=377.781, c=223.336: Can not solve, b^2 - 4ac negative.
For a=291.753, b=836.457, c= -5.376: Two solutions for x:   0.006 and  -2.873
For a=895.000, b=149.000, c=115.000: Can not solve, b^2 - 4ac negative.
For a=253.586, b=242.545, c=916.826: Can not solve, b^2 - 4ac negative.
For a= 99.407, b= 72.436, c=725.741: Can not solve, b^2 - 4ac negative.
For a=483.160, b=400.154, c=400.502: Can not solve, b^2 - 4ac negative.
For a=509.676, b=132.230, c=965.992: Can not solve, b^2 - 4ac negative.
For a=732.495, b=635.680, c=159.979: Can not solve, b^2 - 4ac negative.
For a=141.116, b=419.970, c=552.202: Can not solve, b^2 - 4ac negative.
For a=300.782, b=817.569, c=405.409: Two solutions for x:  -0.653 and  -2.066
For a=620.421, b=561.841, c=532.664: Can not solve, b^2 - 4ac negative.
For a=964.925, b=661.485, c=276.201: Can not solve, b^2 - 4ac negative.
For a=644.000, b=971.000, c= -4.000: Two solutions for x:   0.004 and  -1.512
For a=862.399, b=544.324, c=856.420: Can not solve, b^2 - 4ac negative.
For a=103.396, b=204.730, c=-31.541: Two solutions for x:   0.144 and  -2.124
For a=493.901, b=  3.280, c=635.144: Can not solve, b^2 - 4ac negative.
For a=625.603, b=795.253, c=827.938: Can not solve, b^2 - 4ac negative.
For a=838.763, b=547.691, c=218.230: Can not solve, b^2 - 4ac negative.
For a=932.813, b=267.028, c=927.610: Can not solve, b^2 - 4ac negative.
For a=476.589, b=193.876, c=655.469: Can not solve, b^2 - 4ac negative.
For a=202.002, b=585.167, c=334.230: Two solutions for x:  -0.783 and  -2.114
For a=273.094, b=609.685, c= 96.590: Two solutions for x:  -0.172 and  -2.061
For a=163.000, b=661.000, c=906.000: Can not solve, b^2 - 4ac negative.
For a=553.605, b= 18.982, c=606.094: Can not solve, b^2 - 4ac negative.
For a=452.017, b=770.036, c= 29.547: Two solutions for x:  -0.039 and  -1.664
For a=409.201, b=425.779, c=202.368: Can not solve, b^2 - 4ac negative.
For a=982.342, b=-24.879, c=-31.721: Two solutions for x:   0.193 and  -0.167
For a=544.951, b=120.234, c=610.068: Can not solve, b^2 - 4ac negative.
For a=407.491, b= 44.836, c=518.031: Can not solve, b^2 - 4ac negative.
For a=645.230, b= 22.244, c=309.228: Can not solve, b^2 - 4ac negative.
For a= 15.472, b=247.538, c=204.027: Two solutions for x:  -0.872 and -15.127
For a=345.571, b=319.841, c= 68.063: Two solutions for x:  -0.332 and  -0.594
For a=-64.000, b=903.000, c= 57.000: Two solutions for x:  -0.063 and  14.172
For a=285.032, b=583.113, c=429.943: Can not solve, b^2 - 4ac negative.
For a=304.263, b= 75.476, c=102.644: Can not solve, b^2 - 4ac negative.
For a=240.537, b=661.869, c=781.497: Can not solve, b^2 - 4ac negative.
For a=844.640, b=196.751, c=119.109: Can not solve, b^2 - 4ac negative.
For a=706.163, b=201.770, c=308.326: Can not solve, b^2 - 4ac negative.
For a=536.058, b=208.029, c=327.293: Can not solve, b^2 - 4ac negative.
For a=529.853, b=652.139, c=614.280: Can not solve, b^2 - 4ac negative.
For a=707.230, b=989.241, c=384.111: Can not solve, b^2 - 4ac negative.
For a=251.501, b=-79.831, c=413.788: Can not solve, b^2 - 4ac negative.
For a= 54.000, b=776.000, c=  8.000: Two solutions for x:  -0.010 and -14.360
For a=472.896, b= 23.756, c=733.185: Can not solve, b^2 - 4ac negative.
For a=281.409, b=641.400, c=738.275: Can not solve, b^2 - 4ac negative.
For a=511.494, b=309.667, c= 63.525: Can not solve, b^2 - 4ac negative.
For a=994.730, b= 23.379, c= 46.819: Can not solve, b^2 - 4ac negative.
For a=931.468, b=-92.738, c= 89.843: Can not solve, b^2 - 4ac negative.
For a=352.164, b=193.605, c=384.405: Can not solve, b^2 - 4ac negative.
For a=942.031, b=640.496, c=340.324: Can not solve, b^2 - 4ac negative.
For a=945.445, b= 43.376, c=227.281: Can not solve, b^2 - 4ac negative.
For a=840.481, b= 18.412, c=192.366: Can not solve, b^2 - 4ac negative.
For a= 96.000, b=967.000, c=657.000: Two solutions for x:  -0.733 and  -9.340
For a=482.940, b=681.848, c=838.995: Can not solve, b^2 - 4ac negative.
For a=291.268, b=845.508, c= 58.245: Two solutions for x:  -0.071 and  -2.832
For a=679.269, b=657.576, c=410.593: Can not solve, b^2 - 4ac negative.
For a=238.049, b=486.105, c=572.000: Can not solve, b^2 - 4ac negative.
For a=681.106, b=696.591, c=113.433: Two solutions for x:  -0.203 and  -0.820
For a= 95.984, b=327.232, c=  0.048: Two solutions for x:  -0.000 and  -3.409
For a=860.517, b=717.768, c=280.959: Can not solve, b^2 - 4ac negative.
For a= 33.002, b=889.788, c=461.754: Two solutions for x:  -0.529 and -26.432
For a=449.216, b=767.610, c=935.302: Can not solve, b^2 - 4ac negative.
For a=384.000, b=144.000, c=927.000: Can not solve, b^2 - 4ac negative.
For a=536.823, b=506.298, c= 18.993: Two solutions for x:  -0.039 and  -0.904
For a=158.729, b=187.528, c=541.481: Can not solve, b^2 - 4ac negative.
For a= 11.137, b=520.771, c=584.339: Two solutions for x:  -1.150 and -45.610
For a=-51.779, b=-82.278, c=701.254: Two solutions for x:  -4.559 and   2.970
For a=107.881, b=583.047, c=359.437: Two solutions for x:  -0.710 and  -4.695
For a=521.731, b=390.064, c=982.955: Can not solve, b^2 - 4ac negative.
For a=877.903, b=367.511, c=222.291: Can not solve, b^2 - 4ac negative.
For a=942.142, b=630.198, c=-65.789: Two solutions for x:   0.092 and  -0.761
For a=847.287, b=-89.625, c=601.997: Can not solve, b^2 - 4ac negative.
For a=670.000, b=694.000, c=201.000: Can not solve, b^2 - 4ac negative.
For a=734.345, b=961.052, c=399.474: Can not solve, b^2 - 4ac negative.
For a=722.430, b=762.051, c=487.670: Can not solve, b^2 - 4ac negative.
For a=548.975, b=-94.360, c=363.706: Can not solve, b^2 - 4ac negative.
For a=629.637, b=945.902, c=144.768: Two solutions for x:  -0.173 and  -1.329
For a=821.328, b=864.243, c=272.955: Can not solve, b^2 - 4ac negative.
For a=571.742, b=505.634, c=-11.486: Two solutions for x:   0.022 and  -0.907
For a=568.276, b=122.357, c=648.929: Can not solve, b^2 - 4ac negative.
For a=-64.860, b= 33.655, c=-85.979: Can not solve, b^2 - 4ac negative.
For a=557.631, b=127.022, c=526.361: Can not solve, b^2 - 4ac negative.
For a=551.000, b=920.000, c=-74.000: Two solutions for x:   0.077 and  -1.747
For a= 91.601, b=933.974, c=935.977: Two solutions for x:  -1.127 and  -9.069
For a=391.917, b=182.601, c=781.523: Can not solve, b^2 - 4ac negative.
For a=248.437, b=973.509, c=113.314: Two solutions for x:  -0.120 and  -3.798
For a=259.487, b=193.350, c=990.994: Can not solve, b^2 - 4ac negative.
For a=707.748, b= 34.274, c=-26.642: Two solutions for x:   0.171 and  -0.220
For a=443.480, b=679.931, c=630.452: Can not solve, b^2 - 4ac negative.
For a=920.455, b=117.717, c=  2.485: Two solutions for x:  -0.027 and  -0.101
For a=  7.872, b=194.881, c=-71.977: Two solutions for x:   0.364 and -25.120
For a=405.838, b=334.398, c=274.645: Can not solve, b^2 - 4ac negative.
For a=945.000, b=793.000, c=896.000: Can not solve, b^2 - 4ac negative.
For a=176.668, b=168.895, c=746.286: Can not solve, b^2 - 4ac negative.
For a=204.113, b=277.552, c=-35.974: Two solutions for x:   0.119 and  -1.479
For a= 65.871, b=705.506, c=954.973: Two solutions for x:  -1.589 and  -9.121
For a=367.583, b=910.023, c=735.268: Can not solve, b^2 - 4ac negative.
For a=536.705, b=565.492, c=459.170: Can not solve, b^2 - 4ac negative.
For a= 52.294, b=261.260, c=798.928: Can not solve, b^2 - 4ac negative.
For a=475.913, b=302.048, c=854.160: Can not solve, b^2 - 4ac negative.
For a=280.613, b=790.608, c=388.682: Two solutions for x:  -0.635 and  -2.183
For a=622.832, b=-77.252, c=899.568: Can not solve, b^2 - 4ac negative.
For a=-38.000, b=543.000, c=-23.000: Two solutions for x:   0.042 and  14.247
For a=862.902, b= 10.667, c=983.454: Can not solve, b^2 - 4ac negative.
For a=290.465, b=432.966, c=574.508: Can not solve, b^2 - 4ac negative.
For a=-68.422, b=971.904, c=775.450: Two solutions for x:  -0.757 and  14.962
For a=-30.187, b=417.981, c=170.731: Two solutions for x:  -0.397 and  14.243
For a= 28.081, b=-85.273, c=782.904: Can not solve, b^2 - 4ac negative.
For a=-40.718, b=240.957, c= 86.885: Two solutions for x:  -0.341 and   6.259
For a=730.980, b=548.049, c=457.505: Can not solve, b^2 - 4ac negative.
For a=775.898, b=109.509, c=397.980: Can not solve, b^2 - 4ac negative.
For a= 93.059, b=463.468, c=289.353: Two solutions for x:  -0.732 and  -4.248
For a= 46.000, b=524.000, c=398.000: Two solutions for x:  -0.818 and -10.573
For a=476.452, b=846.579, c=502.950: Can not solve, b^2 - 4ac negative.
For a=798.596, b=-83.030, c=830.878: Can not solve, b^2 - 4ac negative.
For a=771.495, b=763.780, c=522.065: Can not solve, b^2 - 4ac negative.
For a=864.578, b=293.003, c=793.374: Can not solve, b^2 - 4ac negative.
For a= 16.284, b=234.290, c=598.966: Two solutions for x:  -3.325 and -11.063
For a=224.108, b=868.582, c=329.014: Two solutions for x:  -0.426 and  -3.450
For a=642.401, b=570.605, c=977.965: Can not solve, b^2 - 4ac negative.
For a=-45.193, b=871.809, c=497.871: Two solutions for x:  -0.555 and  19.846
For a=132.762, b=939.092, c=  8.756: Two solutions for x:  -0.009 and  -7.064
For a=-16.000, b=300.000, c=973.000: Two solutions for x:  -2.819 and  21.569
For a=-60.916, b=499.966, c=835.515: Two solutions for x:  -1.424 and   9.632
For a= 43.807, b= 28.738, c=126.870: Can not solve, b^2 - 4ac negative.
For a=688.912, b=679.347, c=635.225: Can not solve, b^2 - 4ac negative.
For a= 42.047, b=-71.476, c=935.572: Can not solve, b^2 - 4ac negative.
For a=444.697, b=455.621, c=579.205: Can not solve, b^2 - 4ac negative.
For a=959.099, b=807.658, c=245.154: Can not solve, b^2 - 4ac negative.
For a=182.875, b= 84.838, c=607.293: Can not solve, b^2 - 4ac negative.
For a=293.509, b= 46.164, c=928.664: Can not solve, b^2 - 4ac negative.
For a=317.429, b=659.337, c=724.679: Can not solve, b^2 - 4ac negative.
